C:\WORK\OPENCRYPTOPLATFORM\SOURCECODE\INTEGRATION\MT4INTEGRATIONDLL\BIN\DEBUG\GACHELPER.OBJ
C:\WORK\OPENCRYPTOPLATFORM\SOURCECODE\INTEGRATION\MT4INTEGRATIONDLL\BIN\DEBUG\VC110.PDB
C:\WORK\OPENCRYPTOPLATFORM\SOURCECODE\INTEGRATION\MT4INTEGRATIONDLL\BIN\DEBUG\INTEGRATION.OBJ
C:\WORK\OPENCRYPTOPLATFORM\OUTPUT\MT4INTEGRATION.ILK
C:\WORK\OPENCRYPTOPLATFORM\OUTPUT\MT4INTEGRATION.DLL
C:\WORK\OPENCRYPTOPLATFORM\OUTPUT\MT4INTEGRATIONDLL.PDB
C:\Work\opencryptoplatform\Output\MT4IntegrationDll.lib
C:\Work\opencryptoplatform\Output\MT4IntegrationDll.exp
C:\Work\opencryptoplatform\SourceCode\Integration\MT4IntegrationDLL\bin\Debug\Integration.vcxprojResolveAssemblyReference.cache
C:\Work\opencryptoplatform\SourceCode\Integration\MT4IntegrationDLL\bin\Debug\GACHelper.obj
C:\Work\opencryptoplatform\SourceCode\Integration\MT4IntegrationDLL\bin\Debug\Integration.obj
C:\Work\opencryptoplatform\SourceCode\Integration\MT4IntegrationDLL\bin\Debug\cl.command.1.tlog
C:\Work\opencryptoplatform\SourceCode\Integration\MT4IntegrationDLL\bin\Debug\CL.read.1.tlog
C:\Work\opencryptoplatform\SourceCode\Integration\MT4IntegrationDLL\bin\Debug\CL.write.1.tlog
C:\Work\opencryptoplatform\SourceCode\Integration\MT4IntegrationDLL\bin\Debug\link.1168-cvtres.read.1.tlog
C:\Work\opencryptoplatform\SourceCode\Integration\MT4IntegrationDLL\bin\Debug\link.1168-cvtres.write.1.tlog
C:\Work\opencryptoplatform\SourceCode\Integration\MT4IntegrationDLL\bin\Debug\link.1168-rc.read.1.tlog
C:\Work\opencryptoplatform\SourceCode\Integration\MT4IntegrationDLL\bin\Debug\link.1168-rc.write.1.tlog
C:\Work\opencryptoplatform\SourceCode\Integration\MT4IntegrationDLL\bin\Debug\link.1168.read.1.tlog
C:\Work\opencryptoplatform\SourceCode\Integration\MT4IntegrationDLL\bin\Debug\link.1168.write.1.tlog
C:\Work\opencryptoplatform\SourceCode\Integration\MT4IntegrationDLL\bin\Debug\link.2312-cvtres.read.1.tlog
C:\Work\opencryptoplatform\SourceCode\Integration\MT4IntegrationDLL\bin\Debug\link.2312-cvtres.write.1.tlog
C:\Work\opencryptoplatform\SourceCode\Integration\MT4IntegrationDLL\bin\Debug\link.2312-rc.read.1.tlog
C:\Work\opencryptoplatform\SourceCode\Integration\MT4IntegrationDLL\bin\Debug\link.2312-rc.write.1.tlog
C:\Work\opencryptoplatform\SourceCode\Integration\MT4IntegrationDLL\bin\Debug\link.2312.read.1.tlog
C:\Work\opencryptoplatform\SourceCode\Integration\MT4IntegrationDLL\bin\Debug\link.2312.write.1.tlog
C:\Work\opencryptoplatform\SourceCode\Integration\MT4IntegrationDLL\bin\Debug\link.584-cvtres.read.1.tlog
C:\Work\opencryptoplatform\SourceCode\Integration\MT4IntegrationDLL\bin\Debug\link.584-cvtres.write.1.tlog
C:\Work\opencryptoplatform\SourceCode\Integration\MT4IntegrationDLL\bin\Debug\link.584-rc.read.1.tlog
C:\Work\opencryptoplatform\SourceCode\Integration\MT4IntegrationDLL\bin\Debug\link.584-rc.write.1.tlog
C:\Work\opencryptoplatform\SourceCode\Integration\MT4IntegrationDLL\bin\Debug\link.584.read.1.tlog
C:\Work\opencryptoplatform\SourceCode\Integration\MT4IntegrationDLL\bin\Debug\link.584.write.1.tlog
C:\Work\opencryptoplatform\SourceCode\Integration\MT4IntegrationDLL\bin\Debug\link.command.1.tlog
C:\Work\opencryptoplatform\SourceCode\Integration\MT4IntegrationDLL\bin\Debug\link.read.1.tlog
C:\Work\opencryptoplatform\SourceCode\Integration\MT4IntegrationDLL\bin\Debug\link.write.1.tlog
C:\Work\opencryptoplatform\SourceCode\Integration\MT4IntegrationDLL\bin\Debug\MT4IntegrationDll.write.1.tlog
C:\Work\opencryptoplatform\SourceCode\Integration\MT4IntegrationDLL\bin\Debug\vc110.pdb
