1|10|000000|9/8/2013 11:49:07 AM|>>| ForexPlatform.Platform..ctor 
1|10|000001|9/8/2013 11:49:07 AM|>>| ForexPlatform.Platform.Initialize 
1040|20|000002|9/8/2013 11:49:07 AM|[WARNING_OPERATION]| ForexPlatform.Platform.LoadModules Failed to load external dynamic module [MT4Adapter.dll, C:\Dev\Projects\openforexplatform\openforexplatform\Output\MT4Adapter.dll; Could not load file or assembly 'file:///C:\Dev\Projects\openforexplatform\openforexplatform\Output\MT4Adapter.dll' or one of its dependencies. The system cannot find the file specified.]
1040|20|000003|9/8/2013 11:49:07 AM|[WARNING_OPERATION]| ForexPlatform.Platform.LoadModules Failed to load external dynamic module [MBTradingAdapter.dll, C:\Dev\Projects\openforexplatform\openforexplatform\Output\MBTradingAdapter.dll; Could not load file or assembly 'file:///C:\Dev\Projects\openforexplatform\openforexplatform\Output\MBTradingAdapter.dll' or one of its dependencies. The system cannot find the file specified.]
1040|20|000004|9/8/2013 11:49:07 AM|[WARNING_OPERATION]| ForexPlatform.Platform.LoadModules Failed to load external dynamic module [FXCMAdapter.dll, C:\Dev\Projects\openforexplatform\openforexplatform\Output\FXCMAdapter.dll; Could not load file or assembly 'file:///C:\Dev\Projects\openforexplatform\openforexplatform\Output\FXCMAdapter.dll' or one of its dependencies. The system cannot find the file specified.]
1040|20|000005|9/8/2013 11:49:07 AM|[WARNING_OPERATION]| ForexPlatform.Platform.LoadModules Failed to load external dynamic module [..\Output.Modules\HedgeExpertModule.dll, C:\Dev\Projects\openforexplatform\openforexplatform\Output.Modules\HedgeExpertModule.dll; Could not load file or assembly 'file:///C:\Dev\Projects\openforexplatform\openforexplatform\Output.Modules\HedgeExpertModule.dll' or one of its dependencies. The system cannot find the file specified.]
1040|20|000006|9/8/2013 11:49:07 AM|[WARNING_OPERATION]| ForexPlatform.Platform.LoadModules Failed to load external dynamic module [..\Output.Modules\IntegralAdapter.dll, C:\Dev\Projects\openforexplatform\openforexplatform\Output.Modules\IntegralAdapter.dll; Could not load file or assembly 'file:///C:\Dev\Projects\openforexplatform\openforexplatform\Output.Modules\IntegralAdapter.dll' or one of its dependencies. The system cannot find the file specified.]
1040|20|000007|9/8/2013 11:49:07 AM|[WARNING_OPERATION]| ForexPlatform.Platform.LoadModules Failed to load external dynamic module [..\Output.Modules\Experts.dll, C:\Dev\Projects\openforexplatform\openforexplatform\Output.Modules\Experts.dll; Could not load file or assembly 'file:///C:\Dev\Projects\openforexplatform\openforexplatform\Output.Modules\Experts.dll' or one of its dependencies. The system cannot find the file specified.]
1|10|000008|9/8/2013 11:49:07 AM|>>| ForexPlatformPersistence.ADOPersistenceHelper.Count Platform
2|10|000009|9/8/2013 11:49:07 AM|<<| ForexPlatformPersistence.ADOPersistenceHelper.Count 
1|10|000010|9/8/2013 11:49:07 AM|>>| ForexPlatformPersistence.ADOPersistenceHelper.Select Platforms
2|10|000011|9/8/2013 11:49:07 AM|<<| ForexPlatformPersistence.ADOPersistenceHelper.Select 
1|10|000012|9/8/2013 11:49:07 AM|>>| ForexPlatformPersistence.ADOPersistenceHelper.Select PlatformComponents
2|10|000013|9/8/2013 11:49:07 AM|<<| ForexPlatformPersistence.ADOPersistenceHelper.Select 
4|10|000014|9/8/2013 11:49:07 AM|| Arbiter.OperationalTransportClient.ChangeOperationalState AdapterManagementComponent is now Constructed has [0] subscribers.
4|10|000015|9/8/2013 11:49:08 AM|| ForexPlatform.Platform.DoRegisterComponent Sources
4|10|000016|9/8/2013 11:49:08 AM|| ForexPlatform.Platform.InitializeComponent Sources
4|10|000017|9/8/2013 11:49:08 AM|| Arbiter.OperationalTransportClient.ChangeOperationalState SourceManagementComponent is now Operational has [0] subscribers.
1|10|000018|9/8/2013 11:49:08 AM|>>| ForexPlatformPersistence.ADOPersistenceHelper.Count PlatformComponent
2|10|000019|9/8/2013 11:49:08 AM|<<| ForexPlatformPersistence.ADOPersistenceHelper.Count 
4|10|000020|9/8/2013 11:49:08 AM|| ForexPlatform.Platform.DoRegisterComponent Data Store
4|10|000021|9/8/2013 11:49:08 AM|| ForexPlatform.Platform.InitializeComponent Data Store
4|10|000022|9/8/2013 11:49:08 AM|| Arbiter.OperationalTransportClient.ChangeOperationalState DataStoreManagementComponent is now Operational has [0] subscribers.
4|10|000023|9/8/2013 11:49:08 AM|| CommonSupport.Operational.ChangeOperationalState DataStore was UnInitialized is now Initializing
1|10|000024|9/8/2013 11:49:08 AM|>>| ForexPlatformPersistence.ADOPersistenceHelper.Select DataStoreEntries
2|10|000025|9/8/2013 11:49:08 AM|<<| ForexPlatformPersistence.ADOPersistenceHelper.Select 
4|10|000026|9/8/2013 11:49:08 AM|| CommonSupport.Operational.ChangeOperationalState DataStore was Initializing is now Operational
1|10|000027|9/8/2013 11:49:08 AM|>>| ForexPlatformPersistence.ADOPersistenceHelper.Count PlatformComponent
2|10|000028|9/8/2013 11:49:08 AM|<<| ForexPlatformPersistence.ADOPersistenceHelper.Count 
4|10|000029|9/8/2013 11:49:08 AM|| ForexPlatform.Platform.DoRegisterComponent Experts
4|10|000030|9/8/2013 11:49:08 AM|| ForexPlatform.Platform.InitializeComponent Experts
4|10|000031|9/8/2013 11:49:08 AM|| Arbiter.OperationalTransportClient.ChangeOperationalState ExpertManagementComponent is now Operational has [0] subscribers.
1|10|000032|9/8/2013 11:49:08 AM|>>| ForexPlatformPersistence.ADOPersistenceHelper.Count PlatformComponent
2|10|000033|9/8/2013 11:49:08 AM|<<| ForexPlatformPersistence.ADOPersistenceHelper.Count 
4|10|000034|9/8/2013 11:49:08 AM|| ForexPlatform.Platform.DoRegisterComponent Adapters
4|10|000035|9/8/2013 11:49:08 AM|| ForexPlatform.Platform.InitializeComponent Adapters
4|10|000036|9/8/2013 11:49:08 AM|| Arbiter.OperationalTransportClient.ChangeOperationalState AdapterManagementComponent is now Operational has [0] subscribers.
1|10|000037|9/8/2013 11:49:08 AM|>>| ForexPlatformPersistence.ADOPersistenceHelper.Count PlatformComponent
2|10|000038|9/8/2013 11:49:08 AM|<<| ForexPlatformPersistence.ADOPersistenceHelper.Count 
4|10|000039|9/8/2013 11:49:08 AM|| ForexPlatform.Platform.DoRegisterComponent News Component
4|10|000040|9/8/2013 11:49:08 AM|| ForexPlatform.Platform.InitializeComponent News Component
4|10|000041|9/8/2013 11:49:08 AM|| Arbiter.OperationalTransportClient.ChangeOperationalState PlatformNews is now Operational has [0] subscribers.
1|10|000042|9/8/2013 11:49:08 AM|>>| ForexPlatformPersistence.ADOPersistenceHelper.Count PlatformComponent
2|10|000043|9/8/2013 11:49:08 AM|<<| ForexPlatformPersistence.ADOPersistenceHelper.Count 
1|10|000044|9/8/2013 11:49:08 AM|>>| ForexPlatformPersistence.ADOPersistenceHelper.Select NewsSources
2|10|000045|9/8/2013 11:49:08 AM|<<| ForexPlatformPersistence.ADOPersistenceHelper.Select 
1|10|000046|9/8/2013 11:49:08 AM|>>| ForexPlatformPersistence.ADOPersistenceHelper.Select RssNewsItems
2|10|000047|9/8/2013 11:49:08 AM|<<| ForexPlatformPersistence.ADOPersistenceHelper.Select 
1|10|000048|9/8/2013 11:49:08 AM|>>| ForexPlatformPersistence.ADOPersistenceHelper.Select RssNewsItems
2|10|000049|9/8/2013 11:49:08 AM|<<| ForexPlatformPersistence.ADOPersistenceHelper.Select 
1|10|000050|9/8/2013 11:49:09 AM|>>| ForexPlatformPersistence.ADOPersistenceHelper.Select RssNewsItems
2|10|000051|9/8/2013 11:49:09 AM|<<| ForexPlatformPersistence.ADOPersistenceHelper.Select 
1|10|000052|9/8/2013 11:49:09 AM|>>| ForexPlatformPersistence.ADOPersistenceHelper.Select RssNewsItems
1056|25|000053|9/8/2013 11:49:09 AM|[ERROR_OPERATION]| ForexPlatform.<>c__DisplayClass5.<Initialize>b__4 Failed to obtain online data souces [There is an error in XML document (2, 2).].
2|10|000054|9/8/2013 11:49:09 AM|<<| ForexPlatformPersistence.ADOPersistenceHelper.Select 
1|10|000055|9/8/2013 11:49:09 AM|>>| ForexPlatformPersistence.ADOPersistenceHelper.Select RssNewsItems
2|10|000056|9/8/2013 11:49:09 AM|<<| ForexPlatformPersistence.ADOPersistenceHelper.Select 
1|10|000057|9/8/2013 11:49:09 AM|>>| ForexPlatformPersistence.ADOPersistenceHelper.Select RssNewsItems
2|10|000058|9/8/2013 11:49:09 AM|<<| ForexPlatformPersistence.ADOPersistenceHelper.Select 
1|10|000059|9/8/2013 11:49:09 AM|>>| ForexPlatformPersistence.ADOPersistenceHelper.Select RssNewsItems
2|10|000060|9/8/2013 11:49:09 AM|<<| ForexPlatformPersistence.ADOPersistenceHelper.Select 
1|10|000061|9/8/2013 11:49:10 AM|>>| ForexPlatformPersistence.ADOPersistenceHelper.UpdateToDB NewsSource
2|10|000062|9/8/2013 11:49:10 AM|<<| ForexPlatformPersistence.ADOPersistenceHelper.UpdateToDB 
1|10|000063|9/8/2013 11:49:11 AM|>>| ForexPlatformPersistence.ADOPersistenceHelper.UpdateToDB NewsSource
2|10|000064|9/8/2013 11:49:11 AM|<<| ForexPlatformPersistence.ADOPersistenceHelper.UpdateToDB 
1|10|000065|9/8/2013 11:49:11 AM|>>| ForexPlatformPersistence.ADOPersistenceHelper.UpdateToDB NewsSource
2|10|000066|9/8/2013 11:49:11 AM|<<| ForexPlatformPersistence.ADOPersistenceHelper.UpdateToDB 
1|10|000067|9/8/2013 11:49:11 AM|>>| ForexPlatformPersistence.ADOPersistenceHelper.UpdateToDB NewsSource
2|10|000068|9/8/2013 11:49:11 AM|<<| ForexPlatformPersistence.ADOPersistenceHelper.UpdateToDB 
1|10|000069|9/8/2013 11:49:12 AM|>>| ForexPlatformPersistence.ADOPersistenceHelper.UpdateToDB NewsSource
2|10|000070|9/8/2013 11:49:12 AM|<<| ForexPlatformPersistence.ADOPersistenceHelper.UpdateToDB 
1|10|000071|9/8/2013 11:49:12 AM|>>| ForexPlatformPersistence.ADOPersistenceHelper.Insert RssNewsItem
1|10|000072|9/8/2013 11:49:12 AM|>>| ForexPlatformPersistence.ADOPersistenceHelper.GetLastInsertRowId RssNewsItems
2|10|000073|9/8/2013 11:49:12 AM|<<| ForexPlatformPersistence.ADOPersistenceHelper.GetLastInsertRowId 
2|10|000074|9/8/2013 11:49:12 AM|<<| ForexPlatformPersistence.ADOPersistenceHelper.Insert 
1|10|000075|9/8/2013 11:49:12 AM|>>| ForexPlatformPersistence.ADOPersistenceHelper.UpdateToDB NewsSource
2|10|000076|9/8/2013 11:49:12 AM|<<| ForexPlatformPersistence.ADOPersistenceHelper.UpdateToDB 
1|10|000077|9/8/2013 11:49:15 AM|>>| ForexPlatform.Platform.UnInitialize 
4|10|000078|9/8/2013 11:49:15 AM|| ForexPlatform.Platform.UnInitializeComponent Sources
4|10|000079|9/8/2013 11:49:15 AM|| Arbiter.OperationalTransportClient.ChangeOperationalState SourceManagementComponent is now NotOperational has [0] subscribers.
1|10|000080|9/8/2013 11:49:15 AM|>>| ForexPlatformPersistence.ADOPersistenceHelper.UpdateToDB PlatformComponent
2|10|000081|9/8/2013 11:49:15 AM|<<| ForexPlatformPersistence.ADOPersistenceHelper.UpdateToDB 
4|10|000082|9/8/2013 11:49:15 AM|| ForexPlatform.Platform.UnInitializeComponent Data Store
4|10|000083|9/8/2013 11:49:15 AM|| Arbiter.OperationalTransportClient.ChangeOperationalState DataStoreManagementComponent is now NotOperational has [0] subscribers.
4|10|000084|9/8/2013 11:49:15 AM|| CommonSupport.Operational.ChangeOperationalState DataStore was Operational is now UnInitialized
1|10|000085|9/8/2013 11:49:15 AM|>>| ForexPlatformPersistence.ADOPersistenceHelper.UpdateToDB PlatformComponent
2|10|000086|9/8/2013 11:49:15 AM|<<| ForexPlatformPersistence.ADOPersistenceHelper.UpdateToDB 
4|10|000087|9/8/2013 11:49:15 AM|| ForexPlatform.Platform.UnInitializeComponent Experts
4|10|000088|9/8/2013 11:49:15 AM|| Arbiter.OperationalTransportClient.ChangeOperationalState ExpertManagementComponent is now NotOperational has [0] subscribers.
1|10|000089|9/8/2013 11:49:15 AM|>>| ForexPlatformPersistence.ADOPersistenceHelper.UpdateToDB PlatformComponent
2|10|000090|9/8/2013 11:49:15 AM|<<| ForexPlatformPersistence.ADOPersistenceHelper.UpdateToDB 
4|10|000091|9/8/2013 11:49:15 AM|| ForexPlatform.Platform.UnInitializeComponent Adapters
4|10|000092|9/8/2013 11:49:15 AM|| Arbiter.OperationalTransportClient.ChangeOperationalState AdapterManagementComponent is now UnInitialized has [0] subscribers.
1|10|000093|9/8/2013 11:49:15 AM|>>| ForexPlatformPersistence.ADOPersistenceHelper.UpdateToDB PlatformComponent
2|10|000094|9/8/2013 11:49:15 AM|<<| ForexPlatformPersistence.ADOPersistenceHelper.UpdateToDB 
4|10|000095|9/8/2013 11:49:15 AM|| ForexPlatform.Platform.UnInitializeComponent News Component
4|10|000096|9/8/2013 11:49:15 AM|| Arbiter.OperationalTransportClient.ChangeOperationalState PlatformNews is now UnInitialized has [0] subscribers.
1|10|000097|9/8/2013 11:49:15 AM|>>| ForexPlatformPersistence.ADOPersistenceHelper.UpdateToDB PlatformComponent
2|10|000098|9/8/2013 11:49:15 AM|<<| ForexPlatformPersistence.ADOPersistenceHelper.UpdateToDB 
1|10|000099|9/8/2013 11:49:15 AM|>>| ForexPlatformPersistence.ADOPersistenceHelper.UpdateToDB Platform
2|10|000100|9/8/2013 11:49:15 AM|<<| ForexPlatformPersistence.ADOPersistenceHelper.UpdateToDB 
