1|10|000000|9/8/2013 11:35:57 AM|>>| ForexPlatform.Platform..ctor 
1|10|000001|9/8/2013 11:35:57 AM|>>| ForexPlatform.Platform.Initialize 
1040|20|000002|9/8/2013 11:35:57 AM|[WARNING_OPERATION]| ForexPlatform.Platform.LoadModules Failed to load external dynamic module [MT4Adapter.dll, C:\Dev\Projects\openforexplatform\openforexplatform\Output\MT4Adapter.dll; Could not load file or assembly 'file:///C:\Dev\Projects\openforexplatform\openforexplatform\Output\MT4Adapter.dll' or one of its dependencies. The system cannot find the file specified.]
1040|20|000003|9/8/2013 11:35:57 AM|[WARNING_OPERATION]| ForexPlatform.Platform.LoadModules Failed to load external dynamic module [MBTradingAdapter.dll, C:\Dev\Projects\openforexplatform\openforexplatform\Output\MBTradingAdapter.dll; Could not load file or assembly 'file:///C:\Dev\Projects\openforexplatform\openforexplatform\Output\MBTradingAdapter.dll' or one of its dependencies. The system cannot find the file specified.]
1040|20|000004|9/8/2013 11:35:57 AM|[WARNING_OPERATION]| ForexPlatform.Platform.LoadModules Failed to load external dynamic module [FXCMAdapter.dll, C:\Dev\Projects\openforexplatform\openforexplatform\Output\FXCMAdapter.dll; Could not load file or assembly 'file:///C:\Dev\Projects\openforexplatform\openforexplatform\Output\FXCMAdapter.dll' or one of its dependencies. The system cannot find the file specified.]
1040|20|000005|9/8/2013 11:35:57 AM|[WARNING_OPERATION]| ForexPlatform.Platform.LoadModules Failed to load external dynamic module [..\Output.Modules\HedgeExpertModule.dll, C:\Dev\Projects\openforexplatform\openforexplatform\Output.Modules\HedgeExpertModule.dll; Could not load file or assembly 'file:///C:\Dev\Projects\openforexplatform\openforexplatform\Output.Modules\HedgeExpertModule.dll' or one of its dependencies. The system cannot find the file specified.]
1040|20|000006|9/8/2013 11:35:57 AM|[WARNING_OPERATION]| ForexPlatform.Platform.LoadModules Failed to load external dynamic module [..\Output.Modules\IntegralAdapter.dll, C:\Dev\Projects\openforexplatform\openforexplatform\Output.Modules\IntegralAdapter.dll; Could not load file or assembly 'file:///C:\Dev\Projects\openforexplatform\openforexplatform\Output.Modules\IntegralAdapter.dll' or one of its dependencies. The system cannot find the file specified.]
1040|20|000007|9/8/2013 11:35:57 AM|[WARNING_OPERATION]| ForexPlatform.Platform.LoadModules Failed to load external dynamic module [..\Output.Modules\Experts.dll, C:\Dev\Projects\openforexplatform\openforexplatform\Output.Modules\Experts.dll; Could not load file or assembly 'file:///C:\Dev\Projects\openforexplatform\openforexplatform\Output.Modules\Experts.dll' or one of its dependencies. The system cannot find the file specified.]
1|10|000008|9/8/2013 11:35:57 AM|>>| ForexPlatformPersistence.ADOPersistenceHelper.Count Platform
2|10|000009|9/8/2013 11:35:57 AM|<<| ForexPlatformPersistence.ADOPersistenceHelper.Count 
1|10|000010|9/8/2013 11:35:57 AM|>>| ForexPlatformPersistence.ADOPersistenceHelper.Select Platforms
2|10|000011|9/8/2013 11:35:57 AM|<<| ForexPlatformPersistence.ADOPersistenceHelper.Select 
1|10|000012|9/8/2013 11:35:57 AM|>>| ForexPlatformPersistence.ADOPersistenceHelper.Select PlatformComponents
2|10|000013|9/8/2013 11:35:57 AM|<<| ForexPlatformPersistence.ADOPersistenceHelper.Select 
4|10|000014|9/8/2013 11:35:58 AM|| Arbiter.OperationalTransportClient.ChangeOperationalState AdapterManagementComponent is now Constructed has [0] subscribers.
4|10|000015|9/8/2013 11:35:58 AM|| ForexPlatform.Platform.DoRegisterComponent Sources
4|10|000016|9/8/2013 11:35:58 AM|| ForexPlatform.Platform.InitializeComponent Sources
4|10|000017|9/8/2013 11:35:58 AM|| Arbiter.OperationalTransportClient.ChangeOperationalState SourceManagementComponent is now Operational has [0] subscribers.
1|10|000018|9/8/2013 11:35:58 AM|>>| ForexPlatformPersistence.ADOPersistenceHelper.Count PlatformComponent
2|10|000019|9/8/2013 11:35:58 AM|<<| ForexPlatformPersistence.ADOPersistenceHelper.Count 
4|10|000020|9/8/2013 11:35:58 AM|| ForexPlatform.Platform.DoRegisterComponent Data Store
4|10|000021|9/8/2013 11:35:58 AM|| ForexPlatform.Platform.InitializeComponent Data Store
4|10|000022|9/8/2013 11:35:59 AM|| Arbiter.OperationalTransportClient.ChangeOperationalState DataStoreManagementComponent is now Operational has [0] subscribers.
4|10|000023|9/8/2013 11:35:59 AM|| CommonSupport.Operational.ChangeOperationalState DataStore was UnInitialized is now Initializing
1|10|000024|9/8/2013 11:35:59 AM|>>| ForexPlatformPersistence.ADOPersistenceHelper.Select DataStoreEntries
2|10|000025|9/8/2013 11:35:59 AM|<<| ForexPlatformPersistence.ADOPersistenceHelper.Select 
4|10|000026|9/8/2013 11:35:59 AM|| CommonSupport.Operational.ChangeOperationalState DataStore was Initializing is now Operational
1|10|000027|9/8/2013 11:35:59 AM|>>| ForexPlatformPersistence.ADOPersistenceHelper.Count PlatformComponent
2|10|000028|9/8/2013 11:35:59 AM|<<| ForexPlatformPersistence.ADOPersistenceHelper.Count 
4|10|000029|9/8/2013 11:35:59 AM|| ForexPlatform.Platform.DoRegisterComponent Experts
4|10|000030|9/8/2013 11:35:59 AM|| ForexPlatform.Platform.InitializeComponent Experts
4|10|000031|9/8/2013 11:35:59 AM|| Arbiter.OperationalTransportClient.ChangeOperationalState ExpertManagementComponent is now Operational has [0] subscribers.
1|10|000032|9/8/2013 11:35:59 AM|>>| ForexPlatformPersistence.ADOPersistenceHelper.Count PlatformComponent
2|10|000033|9/8/2013 11:35:59 AM|<<| ForexPlatformPersistence.ADOPersistenceHelper.Count 
4|10|000034|9/8/2013 11:35:59 AM|| ForexPlatform.Platform.DoRegisterComponent Adapters
4|10|000035|9/8/2013 11:35:59 AM|| ForexPlatform.Platform.InitializeComponent Adapters
4|10|000036|9/8/2013 11:35:59 AM|| Arbiter.OperationalTransportClient.ChangeOperationalState AdapterManagementComponent is now Operational has [0] subscribers.
1|10|000037|9/8/2013 11:35:59 AM|>>| ForexPlatformPersistence.ADOPersistenceHelper.Count PlatformComponent
2|10|000038|9/8/2013 11:35:59 AM|<<| ForexPlatformPersistence.ADOPersistenceHelper.Count 
1056|25|000039|9/8/2013 11:36:00 AM|[ERROR_OPERATION]| ForexPlatform.<>c__DisplayClass5.<Initialize>b__4 Failed to obtain online data souces [There is an error in XML document (2, 2).].
4|10|000040|9/8/2013 11:36:29 AM|| ForexPlatform.Platform.DoRegisterComponent News Component
4|10|000041|9/8/2013 11:36:29 AM|| ForexPlatform.Platform.InitializeComponent News Component
4|10|000042|9/8/2013 11:36:29 AM|| Arbiter.OperationalTransportClient.ChangeOperationalState PlatformNews is now Operational has [0] subscribers.
1|10|000043|9/8/2013 11:36:29 AM|>>| ForexPlatformPersistence.ADOPersistenceHelper.Count PlatformComponent
2|10|000044|9/8/2013 11:36:29 AM|<<| ForexPlatformPersistence.ADOPersistenceHelper.Count 
1|10|000045|9/8/2013 11:36:29 AM|>>| ForexPlatformPersistence.ADOPersistenceHelper.Insert PlatformComponent
1|10|000046|9/8/2013 11:36:29 AM|>>| ForexPlatformPersistence.ADOPersistenceHelper.GetLastInsertRowId PlatformComponents
2|10|000047|9/8/2013 11:36:29 AM|<<| ForexPlatformPersistence.ADOPersistenceHelper.GetLastInsertRowId 
2|10|000048|9/8/2013 11:36:29 AM|<<| ForexPlatformPersistence.ADOPersistenceHelper.Insert 
1|10|000049|9/8/2013 11:36:29 AM|>>| ForexPlatformPersistence.ADOPersistenceHelper.Select NewsSources
2|10|000050|9/8/2013 11:36:29 AM|<<| ForexPlatformPersistence.ADOPersistenceHelper.Select 
1|10|000051|9/8/2013 11:36:29 AM|>>| ForexPlatformPersistence.ADOPersistenceHelper.Select RssNewsItems
2|10|000052|9/8/2013 11:36:29 AM|<<| ForexPlatformPersistence.ADOPersistenceHelper.Select 
1|10|000053|9/8/2013 11:36:30 AM|>>| ForexPlatformPersistence.ADOPersistenceHelper.Select RssNewsItems
2|10|000054|9/8/2013 11:36:30 AM|<<| ForexPlatformPersistence.ADOPersistenceHelper.Select 
1|10|000055|9/8/2013 11:36:30 AM|>>| ForexPlatformPersistence.ADOPersistenceHelper.Select RssNewsItems
2|10|000056|9/8/2013 11:36:30 AM|<<| ForexPlatformPersistence.ADOPersistenceHelper.Select 
1|10|000057|9/8/2013 11:36:30 AM|>>| ForexPlatformPersistence.ADOPersistenceHelper.Select RssNewsItems
2|10|000058|9/8/2013 11:36:30 AM|<<| ForexPlatformPersistence.ADOPersistenceHelper.Select 
1|10|000059|9/8/2013 11:36:30 AM|>>| ForexPlatformPersistence.ADOPersistenceHelper.Select RssNewsItems
2|10|000060|9/8/2013 11:36:30 AM|<<| ForexPlatformPersistence.ADOPersistenceHelper.Select 
1|10|000061|9/8/2013 11:36:30 AM|>>| ForexPlatformPersistence.ADOPersistenceHelper.Select RssNewsItems
2|10|000062|9/8/2013 11:36:30 AM|<<| ForexPlatformPersistence.ADOPersistenceHelper.Select 
1|10|000063|9/8/2013 11:36:30 AM|>>| ForexPlatformPersistence.ADOPersistenceHelper.Select RssNewsItems
2|10|000064|9/8/2013 11:36:30 AM|<<| ForexPlatformPersistence.ADOPersistenceHelper.Select 
1|10|000065|9/8/2013 11:36:32 AM|>>| ForexPlatformPersistence.ADOPersistenceHelper.Insert RssNewsItem
1|10|000066|9/8/2013 11:36:32 AM|>>| ForexPlatformPersistence.ADOPersistenceHelper.GetLastInsertRowId RssNewsItems
2|10|000067|9/8/2013 11:36:32 AM|<<| ForexPlatformPersistence.ADOPersistenceHelper.GetLastInsertRowId 
1|10|000068|9/8/2013 11:36:32 AM|>>| ForexPlatformPersistence.ADOPersistenceHelper.GetLastInsertRowId RssNewsItems
2|10|000069|9/8/2013 11:36:32 AM|<<| ForexPlatformPersistence.ADOPersistenceHelper.GetLastInsertRowId 
1|10|000070|9/8/2013 11:36:32 AM|>>| ForexPlatformPersistence.ADOPersistenceHelper.GetLastInsertRowId RssNewsItems
2|10|000071|9/8/2013 11:36:32 AM|<<| ForexPlatformPersistence.ADOPersistenceHelper.GetLastInsertRowId 
1|10|000072|9/8/2013 11:36:32 AM|>>| ForexPlatformPersistence.ADOPersistenceHelper.GetLastInsertRowId RssNewsItems
2|10|000073|9/8/2013 11:36:32 AM|<<| ForexPlatformPersistence.ADOPersistenceHelper.GetLastInsertRowId 
1|10|000074|9/8/2013 11:36:32 AM|>>| ForexPlatformPersistence.ADOPersistenceHelper.GetLastInsertRowId RssNewsItems
2|10|000075|9/8/2013 11:36:32 AM|<<| ForexPlatformPersistence.ADOPersistenceHelper.GetLastInsertRowId 
1|10|000076|9/8/2013 11:36:32 AM|>>| ForexPlatformPersistence.ADOPersistenceHelper.GetLastInsertRowId RssNewsItems
2|10|000077|9/8/2013 11:36:32 AM|<<| ForexPlatformPersistence.ADOPersistenceHelper.GetLastInsertRowId 
1|10|000078|9/8/2013 11:36:32 AM|>>| ForexPlatformPersistence.ADOPersistenceHelper.GetLastInsertRowId RssNewsItems
2|10|000079|9/8/2013 11:36:32 AM|<<| ForexPlatformPersistence.ADOPersistenceHelper.GetLastInsertRowId 
1|10|000080|9/8/2013 11:36:32 AM|>>| ForexPlatformPersistence.ADOPersistenceHelper.GetLastInsertRowId RssNewsItems
2|10|000081|9/8/2013 11:36:32 AM|<<| ForexPlatformPersistence.ADOPersistenceHelper.GetLastInsertRowId 
1|10|000082|9/8/2013 11:36:32 AM|>>| ForexPlatformPersistence.ADOPersistenceHelper.GetLastInsertRowId RssNewsItems
2|10|000083|9/8/2013 11:36:32 AM|<<| ForexPlatformPersistence.ADOPersistenceHelper.GetLastInsertRowId 
1|10|000084|9/8/2013 11:36:32 AM|>>| ForexPlatformPersistence.ADOPersistenceHelper.GetLastInsertRowId RssNewsItems
2|10|000085|9/8/2013 11:36:32 AM|<<| ForexPlatformPersistence.ADOPersistenceHelper.GetLastInsertRowId 
2|10|000086|9/8/2013 11:36:32 AM|<<| ForexPlatformPersistence.ADOPersistenceHelper.Insert 
1|10|000087|9/8/2013 11:36:32 AM|>>| ForexPlatformPersistence.ADOPersistenceHelper.UpdateToDB NewsSource
2|10|000088|9/8/2013 11:36:32 AM|<<| ForexPlatformPersistence.ADOPersistenceHelper.UpdateToDB 
1|10|000089|9/8/2013 11:36:33 AM|>>| ForexPlatformPersistence.ADOPersistenceHelper.Insert RssNewsItem
1|10|000090|9/8/2013 11:36:33 AM|>>| ForexPlatformPersistence.ADOPersistenceHelper.GetLastInsertRowId RssNewsItems
2|10|000091|9/8/2013 11:36:33 AM|<<| ForexPlatformPersistence.ADOPersistenceHelper.GetLastInsertRowId 
1|10|000092|9/8/2013 11:36:33 AM|>>| ForexPlatformPersistence.ADOPersistenceHelper.GetLastInsertRowId RssNewsItems
2|10|000093|9/8/2013 11:36:33 AM|<<| ForexPlatformPersistence.ADOPersistenceHelper.GetLastInsertRowId 
1|10|000094|9/8/2013 11:36:33 AM|>>| ForexPlatformPersistence.ADOPersistenceHelper.GetLastInsertRowId RssNewsItems
2|10|000095|9/8/2013 11:36:33 AM|<<| ForexPlatformPersistence.ADOPersistenceHelper.GetLastInsertRowId 
1|10|000096|9/8/2013 11:36:33 AM|>>| ForexPlatformPersistence.ADOPersistenceHelper.GetLastInsertRowId RssNewsItems
2|10|000097|9/8/2013 11:36:33 AM|<<| ForexPlatformPersistence.ADOPersistenceHelper.GetLastInsertRowId 
1|10|000098|9/8/2013 11:36:33 AM|>>| ForexPlatformPersistence.ADOPersistenceHelper.GetLastInsertRowId RssNewsItems
2|10|000099|9/8/2013 11:36:33 AM|<<| ForexPlatformPersistence.ADOPersistenceHelper.GetLastInsertRowId 
1|10|000100|9/8/2013 11:36:33 AM|>>| ForexPlatformPersistence.ADOPersistenceHelper.GetLastInsertRowId RssNewsItems
2|10|000101|9/8/2013 11:36:33 AM|<<| ForexPlatformPersistence.ADOPersistenceHelper.GetLastInsertRowId 
1|10|000102|9/8/2013 11:36:33 AM|>>| ForexPlatformPersistence.ADOPersistenceHelper.GetLastInsertRowId RssNewsItems
2|10|000103|9/8/2013 11:36:33 AM|<<| ForexPlatformPersistence.ADOPersistenceHelper.GetLastInsertRowId 
1|10|000104|9/8/2013 11:36:33 AM|>>| ForexPlatformPersistence.ADOPersistenceHelper.GetLastInsertRowId RssNewsItems
2|10|000105|9/8/2013 11:36:33 AM|<<| ForexPlatformPersistence.ADOPersistenceHelper.GetLastInsertRowId 
1|10|000106|9/8/2013 11:36:33 AM|>>| ForexPlatformPersistence.ADOPersistenceHelper.GetLastInsertRowId RssNewsItems
2|10|000107|9/8/2013 11:36:33 AM|<<| ForexPlatformPersistence.ADOPersistenceHelper.GetLastInsertRowId 
1|10|000108|9/8/2013 11:36:33 AM|>>| ForexPlatformPersistence.ADOPersistenceHelper.GetLastInsertRowId RssNewsItems
2|10|000109|9/8/2013 11:36:33 AM|<<| ForexPlatformPersistence.ADOPersistenceHelper.GetLastInsertRowId 
1|10|000110|9/8/2013 11:36:33 AM|>>| ForexPlatformPersistence.ADOPersistenceHelper.GetLastInsertRowId RssNewsItems
2|10|000111|9/8/2013 11:36:33 AM|<<| ForexPlatformPersistence.ADOPersistenceHelper.GetLastInsertRowId 
1|10|000112|9/8/2013 11:36:33 AM|>>| ForexPlatformPersistence.ADOPersistenceHelper.GetLastInsertRowId RssNewsItems
2|10|000113|9/8/2013 11:36:33 AM|<<| ForexPlatformPersistence.ADOPersistenceHelper.GetLastInsertRowId 
1|10|000114|9/8/2013 11:36:33 AM|>>| ForexPlatformPersistence.ADOPersistenceHelper.GetLastInsertRowId RssNewsItems
2|10|000115|9/8/2013 11:36:33 AM|<<| ForexPlatformPersistence.ADOPersistenceHelper.GetLastInsertRowId 
1|10|000116|9/8/2013 11:36:33 AM|>>| ForexPlatformPersistence.ADOPersistenceHelper.GetLastInsertRowId RssNewsItems
2|10|000117|9/8/2013 11:36:33 AM|<<| ForexPlatformPersistence.ADOPersistenceHelper.GetLastInsertRowId 
1|10|000118|9/8/2013 11:36:33 AM|>>| ForexPlatformPersistence.ADOPersistenceHelper.GetLastInsertRowId RssNewsItems
2|10|000119|9/8/2013 11:36:33 AM|<<| ForexPlatformPersistence.ADOPersistenceHelper.GetLastInsertRowId 
1|10|000120|9/8/2013 11:36:33 AM|>>| ForexPlatformPersistence.ADOPersistenceHelper.GetLastInsertRowId RssNewsItems
2|10|000121|9/8/2013 11:36:33 AM|<<| ForexPlatformPersistence.ADOPersistenceHelper.GetLastInsertRowId 
1|10|000122|9/8/2013 11:36:33 AM|>>| ForexPlatformPersistence.ADOPersistenceHelper.GetLastInsertRowId RssNewsItems
2|10|000123|9/8/2013 11:36:33 AM|<<| ForexPlatformPersistence.ADOPersistenceHelper.GetLastInsertRowId 
1|10|000124|9/8/2013 11:36:33 AM|>>| ForexPlatformPersistence.ADOPersistenceHelper.GetLastInsertRowId RssNewsItems
2|10|000125|9/8/2013 11:36:33 AM|<<| ForexPlatformPersistence.ADOPersistenceHelper.GetLastInsertRowId 
1|10|000126|9/8/2013 11:36:33 AM|>>| ForexPlatformPersistence.ADOPersistenceHelper.GetLastInsertRowId RssNewsItems
2|10|000127|9/8/2013 11:36:33 AM|<<| ForexPlatformPersistence.ADOPersistenceHelper.GetLastInsertRowId 
1|10|000128|9/8/2013 11:36:33 AM|>>| ForexPlatformPersistence.ADOPersistenceHelper.GetLastInsertRowId RssNewsItems
2|10|000129|9/8/2013 11:36:33 AM|<<| ForexPlatformPersistence.ADOPersistenceHelper.GetLastInsertRowId 
1|10|000130|9/8/2013 11:36:33 AM|>>| ForexPlatformPersistence.ADOPersistenceHelper.GetLastInsertRowId RssNewsItems
2|10|000131|9/8/2013 11:36:33 AM|<<| ForexPlatformPersistence.ADOPersistenceHelper.GetLastInsertRowId 
1|10|000132|9/8/2013 11:36:33 AM|>>| ForexPlatformPersistence.ADOPersistenceHelper.GetLastInsertRowId RssNewsItems
2|10|000133|9/8/2013 11:36:33 AM|<<| ForexPlatformPersistence.ADOPersistenceHelper.GetLastInsertRowId 
1|10|000134|9/8/2013 11:36:33 AM|>>| ForexPlatformPersistence.ADOPersistenceHelper.GetLastInsertRowId RssNewsItems
2|10|000135|9/8/2013 11:36:33 AM|<<| ForexPlatformPersistence.ADOPersistenceHelper.GetLastInsertRowId 
1|10|000136|9/8/2013 11:36:33 AM|>>| ForexPlatformPersistence.ADOPersistenceHelper.GetLastInsertRowId RssNewsItems
2|10|000137|9/8/2013 11:36:33 AM|<<| ForexPlatformPersistence.ADOPersistenceHelper.GetLastInsertRowId 
1|10|000138|9/8/2013 11:36:33 AM|>>| ForexPlatformPersistence.ADOPersistenceHelper.GetLastInsertRowId RssNewsItems
2|10|000139|9/8/2013 11:36:33 AM|<<| ForexPlatformPersistence.ADOPersistenceHelper.GetLastInsertRowId 
2|10|000140|9/8/2013 11:36:33 AM|<<| ForexPlatformPersistence.ADOPersistenceHelper.Insert 
1|10|000141|9/8/2013 11:36:33 AM|>>| ForexPlatformPersistence.ADOPersistenceHelper.UpdateToDB NewsSource
2|10|000142|9/8/2013 11:36:33 AM|<<| ForexPlatformPersistence.ADOPersistenceHelper.UpdateToDB 
1|10|000143|9/8/2013 11:36:33 AM|>>| ForexPlatformPersistence.ADOPersistenceHelper.Insert RssNewsItem
1|10|000144|9/8/2013 11:36:33 AM|>>| ForexPlatformPersistence.ADOPersistenceHelper.GetLastInsertRowId RssNewsItems
2|10|000145|9/8/2013 11:36:33 AM|<<| ForexPlatformPersistence.ADOPersistenceHelper.GetLastInsertRowId 
1|10|000146|9/8/2013 11:36:33 AM|>>| ForexPlatformPersistence.ADOPersistenceHelper.GetLastInsertRowId RssNewsItems
2|10|000147|9/8/2013 11:36:33 AM|<<| ForexPlatformPersistence.ADOPersistenceHelper.GetLastInsertRowId 
1|10|000148|9/8/2013 11:36:33 AM|>>| ForexPlatformPersistence.ADOPersistenceHelper.GetLastInsertRowId RssNewsItems
2|10|000149|9/8/2013 11:36:33 AM|<<| ForexPlatformPersistence.ADOPersistenceHelper.GetLastInsertRowId 
1|10|000150|9/8/2013 11:36:33 AM|>>| ForexPlatformPersistence.ADOPersistenceHelper.GetLastInsertRowId RssNewsItems
2|10|000151|9/8/2013 11:36:33 AM|<<| ForexPlatformPersistence.ADOPersistenceHelper.GetLastInsertRowId 
1|10|000152|9/8/2013 11:36:33 AM|>>| ForexPlatformPersistence.ADOPersistenceHelper.GetLastInsertRowId RssNewsItems
2|10|000153|9/8/2013 11:36:33 AM|<<| ForexPlatformPersistence.ADOPersistenceHelper.GetLastInsertRowId 
1|10|000154|9/8/2013 11:36:33 AM|>>| ForexPlatformPersistence.ADOPersistenceHelper.GetLastInsertRowId RssNewsItems
2|10|000155|9/8/2013 11:36:33 AM|<<| ForexPlatformPersistence.ADOPersistenceHelper.GetLastInsertRowId 
1|10|000156|9/8/2013 11:36:33 AM|>>| ForexPlatformPersistence.ADOPersistenceHelper.GetLastInsertRowId RssNewsItems
2|10|000157|9/8/2013 11:36:33 AM|<<| ForexPlatformPersistence.ADOPersistenceHelper.GetLastInsertRowId 
1|10|000158|9/8/2013 11:36:33 AM|>>| ForexPlatformPersistence.ADOPersistenceHelper.GetLastInsertRowId RssNewsItems
2|10|000159|9/8/2013 11:36:33 AM|<<| ForexPlatformPersistence.ADOPersistenceHelper.GetLastInsertRowId 
1|10|000160|9/8/2013 11:36:33 AM|>>| ForexPlatformPersistence.ADOPersistenceHelper.GetLastInsertRowId RssNewsItems
2|10|000161|9/8/2013 11:36:33 AM|<<| ForexPlatformPersistence.ADOPersistenceHelper.GetLastInsertRowId 
1|10|000162|9/8/2013 11:36:33 AM|>>| ForexPlatformPersistence.ADOPersistenceHelper.GetLastInsertRowId RssNewsItems
2|10|000163|9/8/2013 11:36:33 AM|<<| ForexPlatformPersistence.ADOPersistenceHelper.GetLastInsertRowId 
1|10|000164|9/8/2013 11:36:33 AM|>>| ForexPlatformPersistence.ADOPersistenceHelper.GetLastInsertRowId RssNewsItems
2|10|000165|9/8/2013 11:36:33 AM|<<| ForexPlatformPersistence.ADOPersistenceHelper.GetLastInsertRowId 
1|10|000166|9/8/2013 11:36:33 AM|>>| ForexPlatformPersistence.ADOPersistenceHelper.GetLastInsertRowId RssNewsItems
2|10|000167|9/8/2013 11:36:33 AM|<<| ForexPlatformPersistence.ADOPersistenceHelper.GetLastInsertRowId 
1|10|000168|9/8/2013 11:36:33 AM|>>| ForexPlatformPersistence.ADOPersistenceHelper.GetLastInsertRowId RssNewsItems
2|10|000169|9/8/2013 11:36:33 AM|<<| ForexPlatformPersistence.ADOPersistenceHelper.GetLastInsertRowId 
1|10|000170|9/8/2013 11:36:33 AM|>>| ForexPlatformPersistence.ADOPersistenceHelper.GetLastInsertRowId RssNewsItems
2|10|000171|9/8/2013 11:36:33 AM|<<| ForexPlatformPersistence.ADOPersistenceHelper.GetLastInsertRowId 
1|10|000172|9/8/2013 11:36:33 AM|>>| ForexPlatformPersistence.ADOPersistenceHelper.GetLastInsertRowId RssNewsItems
2|10|000173|9/8/2013 11:36:33 AM|<<| ForexPlatformPersistence.ADOPersistenceHelper.GetLastInsertRowId 
1|10|000174|9/8/2013 11:36:33 AM|>>| ForexPlatformPersistence.ADOPersistenceHelper.GetLastInsertRowId RssNewsItems
2|10|000175|9/8/2013 11:36:33 AM|<<| ForexPlatformPersistence.ADOPersistenceHelper.GetLastInsertRowId 
1|10|000176|9/8/2013 11:36:33 AM|>>| ForexPlatformPersistence.ADOPersistenceHelper.GetLastInsertRowId RssNewsItems
2|10|000177|9/8/2013 11:36:33 AM|<<| ForexPlatformPersistence.ADOPersistenceHelper.GetLastInsertRowId 
1|10|000178|9/8/2013 11:36:33 AM|>>| ForexPlatformPersistence.ADOPersistenceHelper.GetLastInsertRowId RssNewsItems
2|10|000179|9/8/2013 11:36:33 AM|<<| ForexPlatformPersistence.ADOPersistenceHelper.GetLastInsertRowId 
1|10|000180|9/8/2013 11:36:33 AM|>>| ForexPlatformPersistence.ADOPersistenceHelper.GetLastInsertRowId RssNewsItems
2|10|000181|9/8/2013 11:36:33 AM|<<| ForexPlatformPersistence.ADOPersistenceHelper.GetLastInsertRowId 
1|10|000182|9/8/2013 11:36:33 AM|>>| ForexPlatformPersistence.ADOPersistenceHelper.GetLastInsertRowId RssNewsItems
2|10|000183|9/8/2013 11:36:33 AM|<<| ForexPlatformPersistence.ADOPersistenceHelper.GetLastInsertRowId 
1|10|000184|9/8/2013 11:36:33 AM|>>| ForexPlatformPersistence.ADOPersistenceHelper.GetLastInsertRowId RssNewsItems
2|10|000185|9/8/2013 11:36:33 AM|<<| ForexPlatformPersistence.ADOPersistenceHelper.GetLastInsertRowId 
1|10|000186|9/8/2013 11:36:33 AM|>>| ForexPlatformPersistence.ADOPersistenceHelper.GetLastInsertRowId RssNewsItems
2|10|000187|9/8/2013 11:36:33 AM|<<| ForexPlatformPersistence.ADOPersistenceHelper.GetLastInsertRowId 
1|10|000188|9/8/2013 11:36:33 AM|>>| ForexPlatformPersistence.ADOPersistenceHelper.GetLastInsertRowId RssNewsItems
2|10|000189|9/8/2013 11:36:33 AM|<<| ForexPlatformPersistence.ADOPersistenceHelper.GetLastInsertRowId 
1|10|000190|9/8/2013 11:36:33 AM|>>| ForexPlatformPersistence.ADOPersistenceHelper.GetLastInsertRowId RssNewsItems
2|10|000191|9/8/2013 11:36:33 AM|<<| ForexPlatformPersistence.ADOPersistenceHelper.GetLastInsertRowId 
1|10|000192|9/8/2013 11:36:33 AM|>>| ForexPlatformPersistence.ADOPersistenceHelper.GetLastInsertRowId RssNewsItems
2|10|000193|9/8/2013 11:36:33 AM|<<| ForexPlatformPersistence.ADOPersistenceHelper.GetLastInsertRowId 
2|10|000194|9/8/2013 11:36:33 AM|<<| ForexPlatformPersistence.ADOPersistenceHelper.Insert 
1|10|000195|9/8/2013 11:36:33 AM|>>| ForexPlatformPersistence.ADOPersistenceHelper.UpdateToDB NewsSource
2|10|000196|9/8/2013 11:36:33 AM|<<| ForexPlatformPersistence.ADOPersistenceHelper.UpdateToDB 
1|10|000197|9/8/2013 11:36:34 AM|>>| ForexPlatformPersistence.ADOPersistenceHelper.Insert RssNewsItem
1|10|000198|9/8/2013 11:36:34 AM|>>| ForexPlatformPersistence.ADOPersistenceHelper.GetLastInsertRowId RssNewsItems
2|10|000199|9/8/2013 11:36:34 AM|<<| ForexPlatformPersistence.ADOPersistenceHelper.GetLastInsertRowId 
1|10|000200|9/8/2013 11:36:34 AM|>>| ForexPlatformPersistence.ADOPersistenceHelper.GetLastInsertRowId RssNewsItems
2|10|000201|9/8/2013 11:36:34 AM|<<| ForexPlatformPersistence.ADOPersistenceHelper.GetLastInsertRowId 
1|10|000202|9/8/2013 11:36:34 AM|>>| ForexPlatformPersistence.ADOPersistenceHelper.GetLastInsertRowId RssNewsItems
2|10|000203|9/8/2013 11:36:34 AM|<<| ForexPlatformPersistence.ADOPersistenceHelper.GetLastInsertRowId 
1|10|000204|9/8/2013 11:36:34 AM|>>| ForexPlatformPersistence.ADOPersistenceHelper.GetLastInsertRowId RssNewsItems
2|10|000205|9/8/2013 11:36:34 AM|<<| ForexPlatformPersistence.ADOPersistenceHelper.GetLastInsertRowId 
1|10|000206|9/8/2013 11:36:34 AM|>>| ForexPlatformPersistence.ADOPersistenceHelper.GetLastInsertRowId RssNewsItems
2|10|000207|9/8/2013 11:36:34 AM|<<| ForexPlatformPersistence.ADOPersistenceHelper.GetLastInsertRowId 
1|10|000208|9/8/2013 11:36:34 AM|>>| ForexPlatformPersistence.ADOPersistenceHelper.GetLastInsertRowId RssNewsItems
2|10|000209|9/8/2013 11:36:34 AM|<<| ForexPlatformPersistence.ADOPersistenceHelper.GetLastInsertRowId 
1|10|000210|9/8/2013 11:36:34 AM|>>| ForexPlatformPersistence.ADOPersistenceHelper.GetLastInsertRowId RssNewsItems
2|10|000211|9/8/2013 11:36:34 AM|<<| ForexPlatformPersistence.ADOPersistenceHelper.GetLastInsertRowId 
1|10|000212|9/8/2013 11:36:34 AM|>>| ForexPlatformPersistence.ADOPersistenceHelper.GetLastInsertRowId RssNewsItems
2|10|000213|9/8/2013 11:36:34 AM|<<| ForexPlatformPersistence.ADOPersistenceHelper.GetLastInsertRowId 
1|10|000214|9/8/2013 11:36:34 AM|>>| ForexPlatformPersistence.ADOPersistenceHelper.GetLastInsertRowId RssNewsItems
2|10|000215|9/8/2013 11:36:34 AM|<<| ForexPlatformPersistence.ADOPersistenceHelper.GetLastInsertRowId 
1|10|000216|9/8/2013 11:36:34 AM|>>| ForexPlatformPersistence.ADOPersistenceHelper.GetLastInsertRowId RssNewsItems
2|10|000217|9/8/2013 11:36:34 AM|<<| ForexPlatformPersistence.ADOPersistenceHelper.GetLastInsertRowId 
1|10|000218|9/8/2013 11:36:34 AM|>>| ForexPlatformPersistence.ADOPersistenceHelper.GetLastInsertRowId RssNewsItems
2|10|000219|9/8/2013 11:36:34 AM|<<| ForexPlatformPersistence.ADOPersistenceHelper.GetLastInsertRowId 
1|10|000220|9/8/2013 11:36:34 AM|>>| ForexPlatformPersistence.ADOPersistenceHelper.GetLastInsertRowId RssNewsItems
2|10|000221|9/8/2013 11:36:34 AM|<<| ForexPlatformPersistence.ADOPersistenceHelper.GetLastInsertRowId 
1|10|000222|9/8/2013 11:36:34 AM|>>| ForexPlatformPersistence.ADOPersistenceHelper.GetLastInsertRowId RssNewsItems
2|10|000223|9/8/2013 11:36:34 AM|<<| ForexPlatformPersistence.ADOPersistenceHelper.GetLastInsertRowId 
1|10|000224|9/8/2013 11:36:34 AM|>>| ForexPlatformPersistence.ADOPersistenceHelper.GetLastInsertRowId RssNewsItems
2|10|000225|9/8/2013 11:36:34 AM|<<| ForexPlatformPersistence.ADOPersistenceHelper.GetLastInsertRowId 
1|10|000226|9/8/2013 11:36:34 AM|>>| ForexPlatformPersistence.ADOPersistenceHelper.GetLastInsertRowId RssNewsItems
2|10|000227|9/8/2013 11:36:34 AM|<<| ForexPlatformPersistence.ADOPersistenceHelper.GetLastInsertRowId 
1|10|000228|9/8/2013 11:36:34 AM|>>| ForexPlatformPersistence.ADOPersistenceHelper.GetLastInsertRowId RssNewsItems
2|10|000229|9/8/2013 11:36:34 AM|<<| ForexPlatformPersistence.ADOPersistenceHelper.GetLastInsertRowId 
1|10|000230|9/8/2013 11:36:34 AM|>>| ForexPlatformPersistence.ADOPersistenceHelper.GetLastInsertRowId RssNewsItems
2|10|000231|9/8/2013 11:36:34 AM|<<| ForexPlatformPersistence.ADOPersistenceHelper.GetLastInsertRowId 
1|10|000232|9/8/2013 11:36:34 AM|>>| ForexPlatformPersistence.ADOPersistenceHelper.GetLastInsertRowId RssNewsItems
2|10|000233|9/8/2013 11:36:34 AM|<<| ForexPlatformPersistence.ADOPersistenceHelper.GetLastInsertRowId 
1|10|000234|9/8/2013 11:36:34 AM|>>| ForexPlatformPersistence.ADOPersistenceHelper.GetLastInsertRowId RssNewsItems
2|10|000235|9/8/2013 11:36:34 AM|<<| ForexPlatformPersistence.ADOPersistenceHelper.GetLastInsertRowId 
2|10|000236|9/8/2013 11:36:34 AM|<<| ForexPlatformPersistence.ADOPersistenceHelper.Insert 
1|10|000237|9/8/2013 11:36:34 AM|>>| ForexPlatformPersistence.ADOPersistenceHelper.UpdateToDB NewsSource
2|10|000238|9/8/2013 11:36:34 AM|<<| ForexPlatformPersistence.ADOPersistenceHelper.UpdateToDB 
1|10|000239|9/8/2013 11:36:34 AM|>>| ForexPlatformPersistence.ADOPersistenceHelper.Insert RssNewsItem
1|10|000240|9/8/2013 11:36:34 AM|>>| ForexPlatformPersistence.ADOPersistenceHelper.GetLastInsertRowId RssNewsItems
2|10|000241|9/8/2013 11:36:34 AM|<<| ForexPlatformPersistence.ADOPersistenceHelper.GetLastInsertRowId 
1|10|000242|9/8/2013 11:36:34 AM|>>| ForexPlatformPersistence.ADOPersistenceHelper.GetLastInsertRowId RssNewsItems
2|10|000243|9/8/2013 11:36:34 AM|<<| ForexPlatformPersistence.ADOPersistenceHelper.GetLastInsertRowId 
1|10|000244|9/8/2013 11:36:34 AM|>>| ForexPlatformPersistence.ADOPersistenceHelper.GetLastInsertRowId RssNewsItems
2|10|000245|9/8/2013 11:36:34 AM|<<| ForexPlatformPersistence.ADOPersistenceHelper.GetLastInsertRowId 
1|10|000246|9/8/2013 11:36:34 AM|>>| ForexPlatformPersistence.ADOPersistenceHelper.GetLastInsertRowId RssNewsItems
2|10|000247|9/8/2013 11:36:34 AM|<<| ForexPlatformPersistence.ADOPersistenceHelper.GetLastInsertRowId 
1|10|000248|9/8/2013 11:36:34 AM|>>| ForexPlatformPersistence.ADOPersistenceHelper.GetLastInsertRowId RssNewsItems
2|10|000249|9/8/2013 11:36:34 AM|<<| ForexPlatformPersistence.ADOPersistenceHelper.GetLastInsertRowId 
1|10|000250|9/8/2013 11:36:34 AM|>>| ForexPlatformPersistence.ADOPersistenceHelper.GetLastInsertRowId RssNewsItems
2|10|000251|9/8/2013 11:36:34 AM|<<| ForexPlatformPersistence.ADOPersistenceHelper.GetLastInsertRowId 
1|10|000252|9/8/2013 11:36:34 AM|>>| ForexPlatformPersistence.ADOPersistenceHelper.GetLastInsertRowId RssNewsItems
2|10|000253|9/8/2013 11:36:34 AM|<<| ForexPlatformPersistence.ADOPersistenceHelper.GetLastInsertRowId 
1|10|000254|9/8/2013 11:36:34 AM|>>| ForexPlatformPersistence.ADOPersistenceHelper.GetLastInsertRowId RssNewsItems
2|10|000255|9/8/2013 11:36:34 AM|<<| ForexPlatformPersistence.ADOPersistenceHelper.GetLastInsertRowId 
1|10|000256|9/8/2013 11:36:34 AM|>>| ForexPlatformPersistence.ADOPersistenceHelper.GetLastInsertRowId RssNewsItems
2|10|000257|9/8/2013 11:36:34 AM|<<| ForexPlatformPersistence.ADOPersistenceHelper.GetLastInsertRowId 
1|10|000258|9/8/2013 11:36:34 AM|>>| ForexPlatformPersistence.ADOPersistenceHelper.GetLastInsertRowId RssNewsItems
2|10|000259|9/8/2013 11:36:34 AM|<<| ForexPlatformPersistence.ADOPersistenceHelper.GetLastInsertRowId 
1|10|000260|9/8/2013 11:36:34 AM|>>| ForexPlatformPersistence.ADOPersistenceHelper.GetLastInsertRowId RssNewsItems
2|10|000261|9/8/2013 11:36:34 AM|<<| ForexPlatformPersistence.ADOPersistenceHelper.GetLastInsertRowId 
1|10|000262|9/8/2013 11:36:34 AM|>>| ForexPlatformPersistence.ADOPersistenceHelper.GetLastInsertRowId RssNewsItems
2|10|000263|9/8/2013 11:36:34 AM|<<| ForexPlatformPersistence.ADOPersistenceHelper.GetLastInsertRowId 
1|10|000264|9/8/2013 11:36:34 AM|>>| ForexPlatformPersistence.ADOPersistenceHelper.GetLastInsertRowId RssNewsItems
2|10|000265|9/8/2013 11:36:34 AM|<<| ForexPlatformPersistence.ADOPersistenceHelper.GetLastInsertRowId 
1|10|000266|9/8/2013 11:36:34 AM|>>| ForexPlatformPersistence.ADOPersistenceHelper.GetLastInsertRowId RssNewsItems
2|10|000267|9/8/2013 11:36:34 AM|<<| ForexPlatformPersistence.ADOPersistenceHelper.GetLastInsertRowId 
1|10|000268|9/8/2013 11:36:34 AM|>>| ForexPlatformPersistence.ADOPersistenceHelper.GetLastInsertRowId RssNewsItems
2|10|000269|9/8/2013 11:36:34 AM|<<| ForexPlatformPersistence.ADOPersistenceHelper.GetLastInsertRowId 
1|10|000270|9/8/2013 11:36:34 AM|>>| ForexPlatformPersistence.ADOPersistenceHelper.GetLastInsertRowId RssNewsItems
2|10|000271|9/8/2013 11:36:34 AM|<<| ForexPlatformPersistence.ADOPersistenceHelper.GetLastInsertRowId 
1|10|000272|9/8/2013 11:36:34 AM|>>| ForexPlatformPersistence.ADOPersistenceHelper.GetLastInsertRowId RssNewsItems
2|10|000273|9/8/2013 11:36:34 AM|<<| ForexPlatformPersistence.ADOPersistenceHelper.GetLastInsertRowId 
1|10|000274|9/8/2013 11:36:34 AM|>>| ForexPlatformPersistence.ADOPersistenceHelper.GetLastInsertRowId RssNewsItems
2|10|000275|9/8/2013 11:36:34 AM|<<| ForexPlatformPersistence.ADOPersistenceHelper.GetLastInsertRowId 
1|10|000276|9/8/2013 11:36:34 AM|>>| ForexPlatformPersistence.ADOPersistenceHelper.GetLastInsertRowId RssNewsItems
2|10|000277|9/8/2013 11:36:34 AM|<<| ForexPlatformPersistence.ADOPersistenceHelper.GetLastInsertRowId 
1|10|000278|9/8/2013 11:36:34 AM|>>| ForexPlatformPersistence.ADOPersistenceHelper.GetLastInsertRowId RssNewsItems
2|10|000279|9/8/2013 11:36:34 AM|<<| ForexPlatformPersistence.ADOPersistenceHelper.GetLastInsertRowId 
1|10|000280|9/8/2013 11:36:34 AM|>>| ForexPlatformPersistence.ADOPersistenceHelper.GetLastInsertRowId RssNewsItems
2|10|000281|9/8/2013 11:36:34 AM|<<| ForexPlatformPersistence.ADOPersistenceHelper.GetLastInsertRowId 
1|10|000282|9/8/2013 11:36:34 AM|>>| ForexPlatformPersistence.ADOPersistenceHelper.GetLastInsertRowId RssNewsItems
2|10|000283|9/8/2013 11:36:34 AM|<<| ForexPlatformPersistence.ADOPersistenceHelper.GetLastInsertRowId 
1|10|000284|9/8/2013 11:36:34 AM|>>| ForexPlatformPersistence.ADOPersistenceHelper.GetLastInsertRowId RssNewsItems
2|10|000285|9/8/2013 11:36:34 AM|<<| ForexPlatformPersistence.ADOPersistenceHelper.GetLastInsertRowId 
1|10|000286|9/8/2013 11:36:34 AM|>>| ForexPlatformPersistence.ADOPersistenceHelper.GetLastInsertRowId RssNewsItems
2|10|000287|9/8/2013 11:36:34 AM|<<| ForexPlatformPersistence.ADOPersistenceHelper.GetLastInsertRowId 
1|10|000288|9/8/2013 11:36:34 AM|>>| ForexPlatformPersistence.ADOPersistenceHelper.GetLastInsertRowId RssNewsItems
2|10|000289|9/8/2013 11:36:34 AM|<<| ForexPlatformPersistence.ADOPersistenceHelper.GetLastInsertRowId 
1|10|000290|9/8/2013 11:36:34 AM|>>| ForexPlatformPersistence.ADOPersistenceHelper.GetLastInsertRowId RssNewsItems
2|10|000291|9/8/2013 11:36:34 AM|<<| ForexPlatformPersistence.ADOPersistenceHelper.GetLastInsertRowId 
1|10|000292|9/8/2013 11:36:34 AM|>>| ForexPlatformPersistence.ADOPersistenceHelper.GetLastInsertRowId RssNewsItems
2|10|000293|9/8/2013 11:36:34 AM|<<| ForexPlatformPersistence.ADOPersistenceHelper.GetLastInsertRowId 
1|10|000294|9/8/2013 11:36:34 AM|>>| ForexPlatformPersistence.ADOPersistenceHelper.GetLastInsertRowId RssNewsItems
2|10|000295|9/8/2013 11:36:34 AM|<<| ForexPlatformPersistence.ADOPersistenceHelper.GetLastInsertRowId 
2|10|000296|9/8/2013 11:36:34 AM|<<| ForexPlatformPersistence.ADOPersistenceHelper.Insert 
1|10|000297|9/8/2013 11:36:34 AM|>>| ForexPlatformPersistence.ADOPersistenceHelper.UpdateToDB NewsSource
2|10|000298|9/8/2013 11:36:34 AM|<<| ForexPlatformPersistence.ADOPersistenceHelper.UpdateToDB 
1|10|000299|9/8/2013 11:36:35 AM|>>| ForexPlatformPersistence.ADOPersistenceHelper.Insert RssNewsItem
1|10|000300|9/8/2013 11:36:35 AM|>>| ForexPlatformPersistence.ADOPersistenceHelper.GetLastInsertRowId RssNewsItems
2|10|000301|9/8/2013 11:36:35 AM|<<| ForexPlatformPersistence.ADOPersistenceHelper.GetLastInsertRowId 
1|10|000302|9/8/2013 11:36:35 AM|>>| ForexPlatformPersistence.ADOPersistenceHelper.GetLastInsertRowId RssNewsItems
2|10|000303|9/8/2013 11:36:35 AM|<<| ForexPlatformPersistence.ADOPersistenceHelper.GetLastInsertRowId 
1|10|000304|9/8/2013 11:36:35 AM|>>| ForexPlatformPersistence.ADOPersistenceHelper.GetLastInsertRowId RssNewsItems
2|10|000305|9/8/2013 11:36:35 AM|<<| ForexPlatformPersistence.ADOPersistenceHelper.GetLastInsertRowId 
1|10|000306|9/8/2013 11:36:35 AM|>>| ForexPlatformPersistence.ADOPersistenceHelper.GetLastInsertRowId RssNewsItems
2|10|000307|9/8/2013 11:36:35 AM|<<| ForexPlatformPersistence.ADOPersistenceHelper.GetLastInsertRowId 
1|10|000308|9/8/2013 11:36:35 AM|>>| ForexPlatformPersistence.ADOPersistenceHelper.GetLastInsertRowId RssNewsItems
2|10|000309|9/8/2013 11:36:35 AM|<<| ForexPlatformPersistence.ADOPersistenceHelper.GetLastInsertRowId 
1|10|000310|9/8/2013 11:36:35 AM|>>| ForexPlatformPersistence.ADOPersistenceHelper.GetLastInsertRowId RssNewsItems
2|10|000311|9/8/2013 11:36:35 AM|<<| ForexPlatformPersistence.ADOPersistenceHelper.GetLastInsertRowId 
1|10|000312|9/8/2013 11:36:35 AM|>>| ForexPlatformPersistence.ADOPersistenceHelper.GetLastInsertRowId RssNewsItems
2|10|000313|9/8/2013 11:36:35 AM|<<| ForexPlatformPersistence.ADOPersistenceHelper.GetLastInsertRowId 
1|10|000314|9/8/2013 11:36:35 AM|>>| ForexPlatformPersistence.ADOPersistenceHelper.GetLastInsertRowId RssNewsItems
2|10|000315|9/8/2013 11:36:35 AM|<<| ForexPlatformPersistence.ADOPersistenceHelper.GetLastInsertRowId 
1|10|000316|9/8/2013 11:36:35 AM|>>| ForexPlatformPersistence.ADOPersistenceHelper.GetLastInsertRowId RssNewsItems
2|10|000317|9/8/2013 11:36:35 AM|<<| ForexPlatformPersistence.ADOPersistenceHelper.GetLastInsertRowId 
1|10|000318|9/8/2013 11:36:35 AM|>>| ForexPlatformPersistence.ADOPersistenceHelper.GetLastInsertRowId RssNewsItems
2|10|000319|9/8/2013 11:36:35 AM|<<| ForexPlatformPersistence.ADOPersistenceHelper.GetLastInsertRowId 
1|10|000320|9/8/2013 11:36:35 AM|>>| ForexPlatformPersistence.ADOPersistenceHelper.GetLastInsertRowId RssNewsItems
2|10|000321|9/8/2013 11:36:35 AM|<<| ForexPlatformPersistence.ADOPersistenceHelper.GetLastInsertRowId 
1|10|000322|9/8/2013 11:36:35 AM|>>| ForexPlatformPersistence.ADOPersistenceHelper.GetLastInsertRowId RssNewsItems
2|10|000323|9/8/2013 11:36:35 AM|<<| ForexPlatformPersistence.ADOPersistenceHelper.GetLastInsertRowId 
1|10|000324|9/8/2013 11:36:35 AM|>>| ForexPlatformPersistence.ADOPersistenceHelper.GetLastInsertRowId RssNewsItems
2|10|000325|9/8/2013 11:36:35 AM|<<| ForexPlatformPersistence.ADOPersistenceHelper.GetLastInsertRowId 
1|10|000326|9/8/2013 11:36:35 AM|>>| ForexPlatformPersistence.ADOPersistenceHelper.GetLastInsertRowId RssNewsItems
2|10|000327|9/8/2013 11:36:35 AM|<<| ForexPlatformPersistence.ADOPersistenceHelper.GetLastInsertRowId 
1|10|000328|9/8/2013 11:36:35 AM|>>| ForexPlatformPersistence.ADOPersistenceHelper.GetLastInsertRowId RssNewsItems
2|10|000329|9/8/2013 11:36:35 AM|<<| ForexPlatformPersistence.ADOPersistenceHelper.GetLastInsertRowId 
1|10|000330|9/8/2013 11:36:35 AM|>>| ForexPlatformPersistence.ADOPersistenceHelper.GetLastInsertRowId RssNewsItems
2|10|000331|9/8/2013 11:36:35 AM|<<| ForexPlatformPersistence.ADOPersistenceHelper.GetLastInsertRowId 
1|10|000332|9/8/2013 11:36:35 AM|>>| ForexPlatformPersistence.ADOPersistenceHelper.GetLastInsertRowId RssNewsItems
2|10|000333|9/8/2013 11:36:35 AM|<<| ForexPlatformPersistence.ADOPersistenceHelper.GetLastInsertRowId 
1|10|000334|9/8/2013 11:36:35 AM|>>| ForexPlatformPersistence.ADOPersistenceHelper.GetLastInsertRowId RssNewsItems
2|10|000335|9/8/2013 11:36:35 AM|<<| ForexPlatformPersistence.ADOPersistenceHelper.GetLastInsertRowId 
1|10|000336|9/8/2013 11:36:35 AM|>>| ForexPlatformPersistence.ADOPersistenceHelper.GetLastInsertRowId RssNewsItems
2|10|000337|9/8/2013 11:36:35 AM|<<| ForexPlatformPersistence.ADOPersistenceHelper.GetLastInsertRowId 
1|10|000338|9/8/2013 11:36:35 AM|>>| ForexPlatformPersistence.ADOPersistenceHelper.GetLastInsertRowId RssNewsItems
2|10|000339|9/8/2013 11:36:35 AM|<<| ForexPlatformPersistence.ADOPersistenceHelper.GetLastInsertRowId 
1|10|000340|9/8/2013 11:36:35 AM|>>| ForexPlatformPersistence.ADOPersistenceHelper.GetLastInsertRowId RssNewsItems
2|10|000341|9/8/2013 11:36:35 AM|<<| ForexPlatformPersistence.ADOPersistenceHelper.GetLastInsertRowId 
1|10|000342|9/8/2013 11:36:35 AM|>>| ForexPlatformPersistence.ADOPersistenceHelper.GetLastInsertRowId RssNewsItems
2|10|000343|9/8/2013 11:36:35 AM|<<| ForexPlatformPersistence.ADOPersistenceHelper.GetLastInsertRowId 
1|10|000344|9/8/2013 11:36:35 AM|>>| ForexPlatformPersistence.ADOPersistenceHelper.GetLastInsertRowId RssNewsItems
2|10|000345|9/8/2013 11:36:35 AM|<<| ForexPlatformPersistence.ADOPersistenceHelper.GetLastInsertRowId 
1|10|000346|9/8/2013 11:36:35 AM|>>| ForexPlatformPersistence.ADOPersistenceHelper.GetLastInsertRowId RssNewsItems
2|10|000347|9/8/2013 11:36:35 AM|<<| ForexPlatformPersistence.ADOPersistenceHelper.GetLastInsertRowId 
1|10|000348|9/8/2013 11:36:35 AM|>>| ForexPlatformPersistence.ADOPersistenceHelper.GetLastInsertRowId RssNewsItems
2|10|000349|9/8/2013 11:36:35 AM|<<| ForexPlatformPersistence.ADOPersistenceHelper.GetLastInsertRowId 
1|10|000350|9/8/2013 11:36:35 AM|>>| ForexPlatformPersistence.ADOPersistenceHelper.GetLastInsertRowId RssNewsItems
2|10|000351|9/8/2013 11:36:35 AM|<<| ForexPlatformPersistence.ADOPersistenceHelper.GetLastInsertRowId 
1|10|000352|9/8/2013 11:36:35 AM|>>| ForexPlatformPersistence.ADOPersistenceHelper.GetLastInsertRowId RssNewsItems
2|10|000353|9/8/2013 11:36:35 AM|<<| ForexPlatformPersistence.ADOPersistenceHelper.GetLastInsertRowId 
2|10|000354|9/8/2013 11:36:35 AM|<<| ForexPlatformPersistence.ADOPersistenceHelper.Insert 
1|10|000355|9/8/2013 11:36:35 AM|>>| ForexPlatformPersistence.ADOPersistenceHelper.UpdateToDB NewsSource
2|10|000356|9/8/2013 11:36:35 AM|<<| ForexPlatformPersistence.ADOPersistenceHelper.UpdateToDB 
1|10|000357|9/8/2013 11:36:39 AM|>>| ForexPlatform.Platform.UnInitialize 
4|10|000358|9/8/2013 11:36:39 AM|| ForexPlatform.Platform.UnInitializeComponent Sources
4|10|000359|9/8/2013 11:36:39 AM|| Arbiter.OperationalTransportClient.ChangeOperationalState SourceManagementComponent is now NotOperational has [0] subscribers.
1|10|000360|9/8/2013 11:36:39 AM|>>| ForexPlatformPersistence.ADOPersistenceHelper.UpdateToDB PlatformComponent
2|10|000361|9/8/2013 11:36:39 AM|<<| ForexPlatformPersistence.ADOPersistenceHelper.UpdateToDB 
4|10|000362|9/8/2013 11:36:39 AM|| ForexPlatform.Platform.UnInitializeComponent Data Store
4|10|000363|9/8/2013 11:36:39 AM|| Arbiter.OperationalTransportClient.ChangeOperationalState DataStoreManagementComponent is now NotOperational has [0] subscribers.
4|10|000364|9/8/2013 11:36:39 AM|| CommonSupport.Operational.ChangeOperationalState DataStore was Operational is now UnInitialized
1|10|000365|9/8/2013 11:36:39 AM|>>| ForexPlatformPersistence.ADOPersistenceHelper.UpdateToDB PlatformComponent
2|10|000366|9/8/2013 11:36:40 AM|<<| ForexPlatformPersistence.ADOPersistenceHelper.UpdateToDB 
4|10|000367|9/8/2013 11:36:40 AM|| ForexPlatform.Platform.UnInitializeComponent Experts
4|10|000368|9/8/2013 11:36:40 AM|| Arbiter.OperationalTransportClient.ChangeOperationalState ExpertManagementComponent is now NotOperational has [0] subscribers.
1|10|000369|9/8/2013 11:36:40 AM|>>| ForexPlatformPersistence.ADOPersistenceHelper.UpdateToDB PlatformComponent
2|10|000370|9/8/2013 11:36:40 AM|<<| ForexPlatformPersistence.ADOPersistenceHelper.UpdateToDB 
4|10|000371|9/8/2013 11:36:40 AM|| ForexPlatform.Platform.UnInitializeComponent Adapters
4|10|000372|9/8/2013 11:36:40 AM|| Arbiter.OperationalTransportClient.ChangeOperationalState AdapterManagementComponent is now UnInitialized has [0] subscribers.
1|10|000373|9/8/2013 11:36:40 AM|>>| ForexPlatformPersistence.ADOPersistenceHelper.UpdateToDB PlatformComponent
2|10|000374|9/8/2013 11:36:40 AM|<<| ForexPlatformPersistence.ADOPersistenceHelper.UpdateToDB 
4|10|000375|9/8/2013 11:36:40 AM|| ForexPlatform.Platform.UnInitializeComponent News Component
4|10|000376|9/8/2013 11:36:40 AM|| Arbiter.OperationalTransportClient.ChangeOperationalState PlatformNews is now UnInitialized has [0] subscribers.
1|10|000377|9/8/2013 11:36:40 AM|>>| ForexPlatformPersistence.ADOPersistenceHelper.UpdateToDB PlatformComponent
2|10|000378|9/8/2013 11:36:40 AM|<<| ForexPlatformPersistence.ADOPersistenceHelper.UpdateToDB 
1|10|000379|9/8/2013 11:36:40 AM|>>| ForexPlatformPersistence.ADOPersistenceHelper.UpdateToDB Platform
2|10|000380|9/8/2013 11:36:40 AM|<<| ForexPlatformPersistence.ADOPersistenceHelper.UpdateToDB 
